1752232900.125665 client started (103881): version 3.2a, socket /tmp/tmux-102253/default, protocol 8
1752232900.125675 on Linux 5.15.0-143-generic #153-Ubuntu SMP Fri Jun 13 19:10:45 UTC 2025
1752232900.125677 using libevent 2.1.12-stable (poll); ncurses 6.3
1752232900.125683 flags are 0x10010000
1752232900.125685 socket is /tmp/tmux-102253/default
1752232900.125690 trying connect
1752232900.125714 add peer 0x5638ebd99010: 6 ((nil))
1752232900.125849 sending message 100 to peer 0x5638ebd99010 (4 bytes)
1752232900.125852 sending message 111 to peer 0x5638ebd99010 (8 bytes)
1752232900.125853 sending message 101 to peer 0x5638ebd99010 (14 bytes)
1752232900.125855 sending message 109 to peer 0x5638ebd99010 (4 bytes)
1752232900.125856 sending message 102 to peer 0x5638ebd99010 (11 bytes)
1752232900.125857 sending message 108 to peer 0x5638ebd99010 (51 bytes)
1752232900.125859 sending message 112 to peer 0x5638ebd99010 (70 bytes)
1752232900.125860 sending message 112 to peer 0x5638ebd99010 (5 bytes)
1752232900.125862 sending message 112 to peer 0x5638ebd99010 (5 bytes)
1752232900.125863 sending message 112 to peer 0x5638ebd99010 (6 bytes)
1752232900.125864 sending message 112 to peer 0x5638ebd99010 (6 bytes)
1752232900.125865 sending message 112 to peer 0x5638ebd99010 (11 bytes)
1752232900.125867 sending message 112 to peer 0x5638ebd99010 (10 bytes)
1752232900.125868 sending message 112 to peer 0x5638ebd99010 (13 bytes)
1752232900.125869 sending message 112 to peer 0x5638ebd99010 (13 bytes)
1752232900.125871 sending message 112 to peer 0x5638ebd99010 (18 bytes)
1752232900.125872 sending message 112 to peer 0x5638ebd99010 (11 bytes)
1752232900.125873 sending message 112 to peer 0x5638ebd99010 (10 bytes)
1752232900.125875 sending message 112 to peer 0x5638ebd99010 (15 bytes)
1752232900.125876 sending message 112 to peer 0x5638ebd99010 (21 bytes)
1752232900.125877 sending message 112 to peer 0x5638ebd99010 (13 bytes)
1752232900.125879 sending message 112 to peer 0x5638ebd99010 (7 bytes)
1752232900.125880 sending message 112 to peer 0x5638ebd99010 (13 bytes)
1752232900.125881 sending message 112 to peer 0x5638ebd99010 (7 bytes)
1752232900.125883 sending message 112 to peer 0x5638ebd99010 (13 bytes)
1752232900.125884 sending message 112 to peer 0x5638ebd99010 (9 bytes)
1752232900.125885 sending message 112 to peer 0x5638ebd99010 (21 bytes)
1752232900.125886 sending message 112 to peer 0x5638ebd99010 (13 bytes)
1752232900.125888 sending message 112 to peer 0x5638ebd99010 (8 bytes)
1752232900.125889 sending message 112 to peer 0x5638ebd99010 (12 bytes)
1752232900.125890 sending message 112 to peer 0x5638ebd99010 (13 bytes)
1752232900.125891 sending message 112 to peer 0x5638ebd99010 (9 bytes)
1752232900.125893 sending message 112 to peer 0x5638ebd99010 (9 bytes)
1752232900.125894 sending message 112 to peer 0x5638ebd99010 (12 bytes)
1752232900.125895 sending message 112 to peer 0x5638ebd99010 (8 bytes)
1752232900.125897 sending message 112 to peer 0x5638ebd99010 (8 bytes)
1752232900.125898 sending message 112 to peer 0x5638ebd99010 (7 bytes)
1752232900.125899 sending message 112 to peer 0x5638ebd99010 (7 bytes)
1752232900.125901 sending message 112 to peer 0x5638ebd99010 (9 bytes)
1752232900.125902 sending message 112 to peer 0x5638ebd99010 (13 bytes)
1752232900.125903 sending message 112 to peer 0x5638ebd99010 (6 bytes)
1752232900.125905 sending message 112 to peer 0x5638ebd99010 (9 bytes)
1752232900.125906 sending message 112 to peer 0x5638ebd99010 (15 bytes)
1752232900.125907 sending message 112 to peer 0x5638ebd99010 (13 bytes)
1752232900.125908 sending message 112 to peer 0x5638ebd99010 (12 bytes)
1752232900.125910 sending message 112 to peer 0x5638ebd99010 (8 bytes)
1752232900.125911 sending message 112 to peer 0x5638ebd99010 (14 bytes)
1752232900.125912 sending message 112 to peer 0x5638ebd99010 (11 bytes)
1752232900.125914 sending message 112 to peer 0x5638ebd99010 (9 bytes)
1752232900.125915 sending message 112 to peer 0x5638ebd99010 (10 bytes)
1752232900.125916 sending message 112 to peer 0x5638ebd99010 (10 bytes)
1752232900.125918 sending message 112 to peer 0x5638ebd99010 (10 bytes)
1752232900.125922 sending message 112 to peer 0x5638ebd99010 (10 bytes)
1752232900.125923 sending message 112 to peer 0x5638ebd99010 (11 bytes)
1752232900.125924 sending message 112 to peer 0x5638ebd99010 (12 bytes)
1752232900.125926 sending message 112 to peer 0x5638ebd99010 (12 bytes)
1752232900.125927 sending message 112 to peer 0x5638ebd99010 (12 bytes)
1752232900.125928 sending message 112 to peer 0x5638ebd99010 (12 bytes)
1752232900.125929 sending message 112 to peer 0x5638ebd99010 (12 bytes)
1752232900.125931 sending message 112 to peer 0x5638ebd99010 (11 bytes)
1752232900.125932 sending message 112 to peer 0x5638ebd99010 (11 bytes)
1752232900.125933 sending message 112 to peer 0x5638ebd99010 (12 bytes)
1752232900.125935 sending message 112 to peer 0x5638ebd99010 (12 bytes)
1752232900.125936 sending message 112 to peer 0x5638ebd99010 (12 bytes)
1752232900.125937 sending message 112 to peer 0x5638ebd99010 (12 bytes)
1752232900.125938 sending message 112 to peer 0x5638ebd99010 (12 bytes)
1752232900.125940 sending message 112 to peer 0x5638ebd99010 (10 bytes)
1752232900.125941 sending message 112 to peer 0x5638ebd99010 (12 bytes)
1752232900.125942 sending message 112 to peer 0x5638ebd99010 (13 bytes)
1752232900.125944 sending message 112 to peer 0x5638ebd99010 (13 bytes)
1752232900.125945 sending message 112 to peer 0x5638ebd99010 (13 bytes)
1752232900.125946 sending message 112 to peer 0x5638ebd99010 (13 bytes)
1752232900.125948 sending message 112 to peer 0x5638ebd99010 (13 bytes)
1752232900.125949 sending message 112 to peer 0x5638ebd99010 (8 bytes)
1752232900.125950 sending message 112 to peer 0x5638ebd99010 (11 bytes)
1752232900.125951 sending message 112 to peer 0x5638ebd99010 (11 bytes)
1752232900.125953 sending message 112 to peer 0x5638ebd99010 (11 bytes)
1752232900.125954 sending message 112 to peer 0x5638ebd99010 (12 bytes)
1752232900.125955 sending message 112 to peer 0x5638ebd99010 (12 bytes)
1752232900.125957 sending message 112 to peer 0x5638ebd99010 (12 bytes)
1752232900.125958 sending message 112 to peer 0x5638ebd99010 (12 bytes)
1752232900.125959 sending message 112 to peer 0x5638ebd99010 (13 bytes)
1752232900.125960 sending message 112 to peer 0x5638ebd99010 (13 bytes)
1752232900.125962 sending message 112 to peer 0x5638ebd99010 (13 bytes)
1752232900.125963 sending message 112 to peer 0x5638ebd99010 (8 bytes)
1752232900.125964 sending message 112 to peer 0x5638ebd99010 (13 bytes)
1752232900.125966 sending message 112 to peer 0x5638ebd99010 (13 bytes)
1752232900.125967 sending message 112 to peer 0x5638ebd99010 (13 bytes)
1752232900.125968 sending message 112 to peer 0x5638ebd99010 (13 bytes)
1752232900.125970 sending message 112 to peer 0x5638ebd99010 (13 bytes)
1752232900.125971 sending message 112 to peer 0x5638ebd99010 (12 bytes)
1752232900.125972 sending message 112 to peer 0x5638ebd99010 (12 bytes)
1752232900.125973 sending message 112 to peer 0x5638ebd99010 (12 bytes)
1752232900.125975 sending message 112 to peer 0x5638ebd99010 (12 bytes)
1752232900.125976 sending message 112 to peer 0x5638ebd99010 (13 bytes)
1752232900.125977 sending message 112 to peer 0x5638ebd99010 (8 bytes)
1752232900.125979 sending message 112 to peer 0x5638ebd99010 (13 bytes)
1752232900.125980 sending message 112 to peer 0x5638ebd99010 (13 bytes)
1752232900.125981 sending message 112 to peer 0x5638ebd99010 (13 bytes)
1752232900.125983 sending message 112 to peer 0x5638ebd99010 (13 bytes)
1752232900.125984 sending message 112 to peer 0x5638ebd99010 (13 bytes)
1752232900.125985 sending message 112 to peer 0x5638ebd99010 (13 bytes)
1752232900.125986 sending message 112 to peer 0x5638ebd99010 (13 bytes)
1752232900.125988 sending message 112 to peer 0x5638ebd99010 (12 bytes)
1752232900.125989 sending message 112 to peer 0x5638ebd99010 (12 bytes)
1752232900.125990 sending message 112 to peer 0x5638ebd99010 (12 bytes)
1752232900.125992 sending message 112 to peer 0x5638ebd99010 (8 bytes)
1752232900.125993 sending message 112 to peer 0x5638ebd99010 (12 bytes)
1752232900.125994 sending message 112 to peer 0x5638ebd99010 (13 bytes)
1752232900.125997 sending message 112 to peer 0x5638ebd99010 (13 bytes)
1752232900.125998 sending message 112 to peer 0x5638ebd99010 (13 bytes)
1752232900.126000 sending message 112 to peer 0x5638ebd99010 (13 bytes)
1752232900.126001 sending message 112 to peer 0x5638ebd99010 (13 bytes)
1752232900.126002 sending message 112 to peer 0x5638ebd99010 (13 bytes)
1752232900.126004 sending message 112 to peer 0x5638ebd99010 (13 bytes)
1752232900.126005 sending message 112 to peer 0x5638ebd99010 (13 bytes)
1752232900.126006 sending message 112 to peer 0x5638ebd99010 (12 bytes)
1752232900.126007 sending message 112 to peer 0x5638ebd99010 (10 bytes)
1752232900.126009 sending message 112 to peer 0x5638ebd99010 (12 bytes)
1752232900.126010 sending message 112 to peer 0x5638ebd99010 (12 bytes)
1752232900.126011 sending message 112 to peer 0x5638ebd99010 (12 bytes)
1752232900.126013 sending message 112 to peer 0x5638ebd99010 (13 bytes)
1752232900.126014 sending message 112 to peer 0x5638ebd99010 (13 bytes)
1752232900.126015 sending message 112 to peer 0x5638ebd99010 (13 bytes)
1752232900.126016 sending message 112 to peer 0x5638ebd99010 (13 bytes)
1752232900.126018 sending message 112 to peer 0x5638ebd99010 (13 bytes)
1752232900.126019 sending message 112 to peer 0x5638ebd99010 (13 bytes)
1752232900.126020 sending message 112 to peer 0x5638ebd99010 (13 bytes)
1752232900.126022 sending message 112 to peer 0x5638ebd99010 (10 bytes)
1752232900.126023 sending message 112 to peer 0x5638ebd99010 (13 bytes)
1752232900.126024 sending message 112 to peer 0x5638ebd99010 (12 bytes)
1752232900.126025 sending message 112 to peer 0x5638ebd99010 (12 bytes)
1752232900.126027 sending message 112 to peer 0x5638ebd99010 (12 bytes)
1752232900.126028 sending message 112 to peer 0x5638ebd99010 (10 bytes)
1752232900.126029 sending message 112 to peer 0x5638ebd99010 (10 bytes)
1752232900.126031 sending message 112 to peer 0x5638ebd99010 (10 bytes)
1752232900.126032 sending message 112 to peer 0x5638ebd99010 (12 bytes)
1752232900.126033 sending message 112 to peer 0x5638ebd99010 (13 bytes)
1752232900.126034 sending message 112 to peer 0x5638ebd99010 (13 bytes)
1752232900.126036 sending message 112 to peer 0x5638ebd99010 (13 bytes)
1752232900.126037 sending message 112 to peer 0x5638ebd99010 (13 bytes)
1752232900.126038 sending message 112 to peer 0x5638ebd99010 (13 bytes)
1752232900.126039 sending message 112 to peer 0x5638ebd99010 (11 bytes)
1752232900.126041 sending message 112 to peer 0x5638ebd99010 (11 bytes)
1752232900.126042 sending message 112 to peer 0x5638ebd99010 (12 bytes)
1752232900.126043 sending message 112 to peer 0x5638ebd99010 (12 bytes)
1752232900.126045 sending message 112 to peer 0x5638ebd99010 (12 bytes)
1752232900.126046 sending message 112 to peer 0x5638ebd99010 (12 bytes)
1752232900.126047 sending message 112 to peer 0x5638ebd99010 (12 bytes)
1752232900.126054 sending message 112 to peer 0x5638ebd99010 (11 bytes)
1752232900.126057 sending message 112 to peer 0x5638ebd99010 (12 bytes)
1752232900.126059 sending message 112 to peer 0x5638ebd99010 (12 bytes)
1752232900.126060 sending message 112 to peer 0x5638ebd99010 (13 bytes)
1752232900.126061 sending message 112 to peer 0x5638ebd99010 (13 bytes)
1752232900.126063 sending message 112 to peer 0x5638ebd99010 (13 bytes)
1752232900.126064 sending message 112 to peer 0x5638ebd99010 (13 bytes)
1752232900.126065 sending message 112 to peer 0x5638ebd99010 (13 bytes)
1752232900.126066 sending message 112 to peer 0x5638ebd99010 (10 bytes)
1752232900.126068 sending message 112 to peer 0x5638ebd99010 (9 bytes)
1752232900.126069 sending message 112 to peer 0x5638ebd99010 (12 bytes)
1752232900.126070 sending message 112 to peer 0x5638ebd99010 (13 bytes)
1752232900.126071 sending message 112 to peer 0x5638ebd99010 (13 bytes)
1752232900.126073 sending message 112 to peer 0x5638ebd99010 (13 bytes)
1752232900.126074 sending message 112 to peer 0x5638ebd99010 (13 bytes)
1752232900.126075 sending message 112 to peer 0x5638ebd99010 (13 bytes)
1752232900.126078 sending message 112 to peer 0x5638ebd99010 (9 bytes)
1752232900.126079 sending message 112 to peer 0x5638ebd99010 (12 bytes)
1752232900.126080 sending message 112 to peer 0x5638ebd99010 (13 bytes)
1752232900.126082 sending message 112 to peer 0x5638ebd99010 (13 bytes)
1752232900.126083 sending message 112 to peer 0x5638ebd99010 (13 bytes)
1752232900.126084 sending message 112 to peer 0x5638ebd99010 (13 bytes)
1752232900.126086 sending message 112 to peer 0x5638ebd99010 (13 bytes)
1752232900.126087 sending message 112 to peer 0x5638ebd99010 (11 bytes)
1752232900.126088 sending message 112 to peer 0x5638ebd99010 (12 bytes)
1752232900.126089 sending message 112 to peer 0x5638ebd99010 (13 bytes)
1752232900.126091 sending message 112 to peer 0x5638ebd99010 (13 bytes)
1752232900.126092 sending message 112 to peer 0x5638ebd99010 (13 bytes)
1752232900.126093 sending message 112 to peer 0x5638ebd99010 (13 bytes)
1752232900.126095 sending message 112 to peer 0x5638ebd99010 (13 bytes)
1752232900.126096 sending message 112 to peer 0x5638ebd99010 (11 bytes)
1752232900.126097 sending message 112 to peer 0x5638ebd99010 (12 bytes)
1752232900.126098 sending message 112 to peer 0x5638ebd99010 (12 bytes)
1752232900.126100 sending message 112 to peer 0x5638ebd99010 (12 bytes)
1752232900.126101 sending message 112 to peer 0x5638ebd99010 (12 bytes)
1752232900.126102 sending message 112 to peer 0x5638ebd99010 (12 bytes)
1752232900.126104 sending message 112 to peer 0x5638ebd99010 (21 bytes)
1752232900.126105 sending message 112 to peer 0x5638ebd99010 (12 bytes)
1752232900.126106 sending message 112 to peer 0x5638ebd99010 (9 bytes)
1752232900.126108 sending message 112 to peer 0x5638ebd99010 (6 bytes)
1752232900.126109 sending message 112 to peer 0x5638ebd99010 (8 bytes)
1752232900.126110 sending message 112 to peer 0x5638ebd99010 (15 bytes)
1752232900.126111 sending message 112 to peer 0x5638ebd99010 (13 bytes)
1752232900.126113 sending message 112 to peer 0x5638ebd99010 (9 bytes)
1752232900.126114 sending message 112 to peer 0x5638ebd99010 (70 bytes)
1752232900.126115 sending message 112 to peer 0x5638ebd99010 (69 bytes)
1752232900.126117 sending message 112 to peer 0x5638ebd99010 (10 bytes)
1752232900.126118 sending message 112 to peer 0x5638ebd99010 (10 bytes)
1752232900.126119 sending message 112 to peer 0x5638ebd99010 (8 bytes)
1752232900.126120 sending message 112 to peer 0x5638ebd99010 (15 bytes)
1752232900.126122 sending message 112 to peer 0x5638ebd99010 (13 bytes)
1752232900.126123 sending message 112 to peer 0x5638ebd99010 (10 bytes)
1752232900.126124 sending message 112 to peer 0x5638ebd99010 (10 bytes)
1752232900.126126 sending message 112 to peer 0x5638ebd99010 (17 bytes)
1752232900.126127 sending message 112 to peer 0x5638ebd99010 (10 bytes)
1752232900.126128 sending message 112 to peer 0x5638ebd99010 (13 bytes)
1752232900.126130 sending message 112 to peer 0x5638ebd99010 (9 bytes)
1752232900.126131 sending message 112 to peer 0x5638ebd99010 (5 bytes)
1752232900.126132 sending message 112 to peer 0x5638ebd99010 (15 bytes)
1752232900.126134 sending message 104 to peer 0x5638ebd99010 (0 bytes)
1752232900.126136 sending message 110 to peer 0x5638ebd99010 (0 bytes)
1752232900.126137 sending message 107 to peer 0x5638ebd99010 (4 bytes)
1752232900.126138 sending message 105 to peer 0x5638ebd99010 (20 bytes)
1752232900.126140 sending message 105 to peer 0x5638ebd99010 (94 bytes)
1752232900.126141 sending message 105 to peer 0x5638ebd99010 (90 bytes)
1752232900.126142 sending message 105 to peer 0x5638ebd99010 (30 bytes)
1752232900.126144 sending message 105 to peer 0x5638ebd99010 (23 bytes)
1752232900.126145 sending message 105 to peer 0x5638ebd99010 (11 bytes)
1752232900.126147 sending message 105 to peer 0x5638ebd99010 (48 bytes)
1752232900.126148 sending message 105 to peer 0x5638ebd99010 (24 bytes)
1752232900.126149 sending message 105 to peer 0x5638ebd99010 (30 bytes)
1752232900.126150 sending message 105 to peer 0x5638ebd99010 (18 bytes)
1752232900.126152 sending message 105 to peer 0x5638ebd99010 (12 bytes)
1752232900.126153 sending message 105 to peer 0x5638ebd99010 (44 bytes)
1752232900.126155 sending message 105 to peer 0x5638ebd99010 (86 bytes)
1752232900.126157 sending message 105 to peer 0x5638ebd99010 (29 bytes)
1752232900.126158 sending message 105 to peer 0x5638ebd99010 (54 bytes)
1752232900.126160 sending message 105 to peer 0x5638ebd99010 (19 bytes)
1752232900.126161 sending message 105 to peer 0x5638ebd99010 (28 bytes)
1752232900.126162 sending message 105 to peer 0x5638ebd99010 (20 bytes)
1752232900.126163 sending message 105 to peer 0x5638ebd99010 (40 bytes)
1752232900.126165 sending message 105 to peer 0x5638ebd99010 (45 bytes)
1752232900.126166 sending message 105 to peer 0x5638ebd99010 (38 bytes)
1752232900.126167 sending message 105 to peer 0x5638ebd99010 (51 bytes)
1752232900.126169 sending message 105 to peer 0x5638ebd99010 (76 bytes)
1752232900.126170 sending message 105 to peer 0x5638ebd99010 (42 bytes)
1752232900.126171 sending message 105 to peer 0x5638ebd99010 (17 bytes)
1752232900.126173 sending message 105 to peer 0x5638ebd99010 (12 bytes)
1752232900.126174 sending message 105 to peer 0x5638ebd99010 (8 bytes)
1752232900.126175 sending message 105 to peer 0x5638ebd99010 (35 bytes)
1752232900.126177 sending message 105 to peer 0x5638ebd99010 (17 bytes)
1752232900.126178 sending message 105 to peer 0x5638ebd99010 (32 bytes)
1752232900.126179 sending message 105 to peer 0x5638ebd99010 (1519 bytes)
1752232900.126183 sending message 105 to peer 0x5638ebd99010 (75 bytes)
1752232900.126184 sending message 105 to peer 0x5638ebd99010 (58 bytes)
1752232900.126186 sending message 105 to peer 0x5638ebd99010 (11 bytes)
1752232900.126187 sending message 105 to peer 0x5638ebd99010 (300 bytes)
1752232900.126188 sending message 105 to peer 0x5638ebd99010 (55 bytes)
1752232900.126190 sending message 105 to peer 0x5638ebd99010 (19 bytes)
1752232900.126191 sending message 105 to peer 0x5638ebd99010 (18 bytes)
1752232900.126192 sending message 105 to peer 0x5638ebd99010 (108 bytes)
1752232900.126194 sending message 105 to peer 0x5638ebd99010 (15 bytes)
1752232900.126195 sending message 105 to peer 0x5638ebd99010 (8 bytes)
1752232900.126196 sending message 105 to peer 0x5638ebd99010 (33 bytes)
1752232900.126198 sending message 105 to peer 0x5638ebd99010 (43 bytes)
1752232900.126199 sending message 105 to peer 0x5638ebd99010 (23 bytes)
1752232900.126200 sending message 105 to peer 0x5638ebd99010 (19 bytes)
1752232900.126202 sending message 105 to peer 0x5638ebd99010 (18 bytes)
1752232900.126203 sending message 105 to peer 0x5638ebd99010 (26 bytes)
1752232900.126204 sending message 105 to peer 0x5638ebd99010 (38 bytes)
1752232900.126205 sending message 105 to peer 0x5638ebd99010 (36 bytes)
1752232900.126207 sending message 105 to peer 0x5638ebd99010 (48 bytes)
1752232900.126208 sending message 105 to peer 0x5638ebd99010 (13 bytes)
1752232900.126210 sending message 105 to peer 0x5638ebd99010 (54 bytes)
1752232900.126211 sending message 105 to peer 0x5638ebd99010 (27 bytes)
1752232900.126212 sending message 105 to peer 0x5638ebd99010 (37 bytes)
1752232900.126214 sending message 105 to peer 0x5638ebd99010 (14 bytes)
1752232900.126215 sending message 105 to peer 0x5638ebd99010 (17 bytes)
1752232900.126216 sending message 105 to peer 0x5638ebd99010 (38 bytes)
1752232900.126218 sending message 105 to peer 0x5638ebd99010 (45 bytes)
1752232900.126219 sending message 105 to peer 0x5638ebd99010 (33 bytes)
1752232900.126221 sending message 105 to peer 0x5638ebd99010 (181 bytes)
1752232900.126222 sending message 105 to peer 0x5638ebd99010 (52 bytes)
1752232900.126223 sending message 105 to peer 0x5638ebd99010 (23 bytes)
1752232900.126225 sending message 105 to peer 0x5638ebd99010 (33 bytes)
1752232900.126226 sending message 105 to peer 0x5638ebd99010 (52 bytes)
1752232900.126227 sending message 105 to peer 0x5638ebd99010 (23 bytes)
1752232900.126229 sending message 105 to peer 0x5638ebd99010 (27 bytes)
1752232900.126230 sending message 105 to peer 0x5638ebd99010 (58 bytes)
1752232900.126231 sending message 105 to peer 0x5638ebd99010 (21 bytes)
1752232900.126234 sending message 105 to peer 0x5638ebd99010 (20 bytes)
1752232900.126235 sending message 105 to peer 0x5638ebd99010 (30 bytes)
1752232900.126237 sending message 105 to peer 0x5638ebd99010 (16 bytes)
1752232900.126238 sending message 106 to peer 0x5638ebd99010 (0 bytes)
1752232900.126243 sending message 200 to peer 0x5638ebd99010 (4 bytes)
1752232900.126244 client loop enter
1752232900.126501 peer 0x5638ebd99010 message 303
1752232900.126503 open write file 2 -
1752232900.126506 sending message 305 to peer 0x5638ebd99010 (8 bytes)
1752232900.126510 write check file 2
1752232900.126549 peer 0x5638ebd99010 message 304
1752232900.126551 write 58 to file 2
1752232900.126552 peer 0x5638ebd99010 message 203
1752232900.126554 file 2 58 bytes left
1752232900.126559 write check file 2
1752232900.126560 client loop exit
